2020-10-26 11:16:25,765 INFO: 当前是V3版本
2020-10-26 11:16:25,919 INFO: 第【1】次请重新获取cookie
2020-10-26 11:16:30,943 INFO: 第【2】次请重新获取cookie
2020-10-26 11:35:36,440 INFO: 你的area是[ 1_2800_2851_0 ]，链接的商品id是[ 67824255573%2C68072485536%2C68072485537%2C10023258449437%2C10023258449436%2C10023258449435%2C68072485535%2C10023258449438%2C68072485538%2C10023258449440%2C10023258449439%2C68072485539%2C69299739429%2C10023258449442%2C69299739430%2C10023258449441%2C68072485540%2C68072485541%2C10023258449444%2C10023258449443 ]
2020-10-26 11:35:53,077 INFO: 当前是V3版本
2020-10-26 11:35:53,219 INFO: 登录成功
2020-10-26 11:35:53,287 INFO: 登录账号名称jdlzl_bs
2020-10-26 11:35:53,770 INFO: 清空购物车
2020-10-26 11:35:53,969 INFO: 3088512  已成功加入购物车
2020-10-26 11:35:53,970 INFO: 第1次 
2020-10-26 11:35:54,040 INFO: 检测[1]个口罩有货，[0]个口罩无货，[0]个口罩下柜，耗时[70]ms
2020-10-26 11:35:54,040 INFO: [3088512]类型口罩有货啦!马上下单
2020-10-26 11:40:16,463 INFO: 你的area是[ 1_2800_2851_0 ]，链接的商品id是[ 67824255573%2C68072485536%2C68072485537%2C10023258449437%2C10023258449436%2C10023258449435%2C68072485535%2C10023258449438%2C68072485538%2C10023258449440%2C10023258449439%2C68072485539%2C69299739429%2C10023258449442%2C69299739430%2C10023258449441%2C68072485540%2C68072485541%2C10023258449444%2C10023258449443 ]
2020-10-26 11:44:07,851 INFO: 你的area是[ 1_2800_2851_0 ]，链接的商品id是[ 67824255573%2C68072485536%2C68072485537%2C10023258449437%2C10023258449436%2C10023258449435%2C68072485535%2C10023258449438%2C68072485538%2C10023258449440%2C10023258449439%2C68072485539%2C69299739429%2C10023258449442%2C69299739430%2C10023258449441%2C68072485540%2C68072485541%2C10023258449444%2C10023258449443 ]
2020-10-26 11:47:29,085 INFO: 你的area是[ 1_2800_2851_0 ]，链接的商品id是[ ParseResult(scheme='', netloc='', path='67824255573%2C68072485536%2C68072485537%2C10023258449437%2C10023258449436%2C10023258449435%2C68072485535%2C10023258449438%2C68072485538%2C10023258449440%2C10023258449439%2C68072485539%2C69299739429%2C10023258449442%2C69299739430%2C10023258449441%2C68072485540%2C68072485541%2C10023258449444%2C10023258449443', params='', query='', fragment='') ]
2020-10-26 11:48:11,852 INFO: 你的area是[ 1_2800_2851_0 ]，链接的商品id是[ 67824255573,68072485536,68072485537,10023258449437,10023258449436,10023258449435,68072485535,10023258449438,68072485538,10023258449440,10023258449439,68072485539,69299739429,10023258449442,69299739430,10023258449441,68072485540,68072485541,10023258449444,10023258449443 ]
2020-10-26 11:48:40,709 INFO: 当前是V3版本
2020-10-26 11:48:40,849 INFO: 登录成功
2020-10-26 11:48:40,915 INFO: 登录账号名称jdlzl_bs
2020-10-26 11:48:41,099 INFO: 清空购物车
2020-10-26 11:48:41,269 INFO: 67824255573  已成功加入购物车
2020-10-26 11:48:41,270 INFO: 第1次 
2020-10-26 11:48:41,333 INFO: 检测[1]个口罩有货，[0]个口罩无货，[0]个口罩下柜，耗时[63]ms
2020-10-26 11:48:41,333 INFO: [67824255573]类型口罩有货啦!马上下单
2020-10-26 11:48:41,773 INFO: 下单信息：{'address': '北京 海淀区 五环到六环之间   永泰西里社区24号楼三单元403', 'receiver': '李张辽 156****7368', 'total_price': '3649.00', 'items': []}
2020-10-26 11:48:42,445 INFO: 第2次 
2020-10-26 11:48:42,495 INFO: 检测[1]个口罩有货，[0]个口罩无货，[0]个口罩下柜，耗时[49]ms
2020-10-26 11:48:42,495 INFO: [67824255573]类型口罩有货啦!马上下单
2020-10-26 11:50:49,434 INFO: 当前是V3版本
2020-10-26 11:50:49,726 INFO: 登录成功
2020-10-26 11:50:50,824 INFO: 登录账号名称jdlzl_bs
2020-10-26 11:50:50,987 INFO: 清空购物车
2020-10-26 11:50:51,204 INFO: 67824255573  已成功加入购物车
2020-10-26 11:50:51,205 INFO: 第1次 
2020-10-26 11:50:51,264 INFO: 检测[1]个口罩有货，[0]个口罩无货，[0]个口罩下柜，耗时[59]ms
2020-10-26 11:50:51,265 INFO: [67824255573]类型口罩有货啦!马上下单
2020-10-26 11:50:51,762 INFO: 下单信息：{'address': '北京 海淀区 五环到六环之间   永泰西里社区24号楼三单元403', 'receiver': '李张辽 156****7368', 'total_price': '3649.00', 'items': []}
2020-10-26 11:53:50,512 INFO: 当前是V3版本
2020-10-26 11:53:50,691 INFO: 登录成功
2020-10-26 11:53:50,764 INFO: 登录账号名称jdlzl_bs
2020-10-26 11:53:50,966 INFO: 清空购物车
2020-10-26 11:53:51,126 INFO: 67824255573  已成功加入购物车
2020-10-26 11:53:51,126 INFO: 第1次 
2020-10-26 11:53:51,194 INFO: 检测[1]个口罩有货，[0]个口罩无货，[0]个口罩下柜，耗时[67]ms
2020-10-26 11:53:51,194 INFO: [67824255573]类型口罩有货啦!马上下单
2020-10-26 11:53:51,655 INFO: 下单信息：{'address': '北京 海淀区 五环到六环之间   永泰西里社区24号楼三单元403', 'receiver': '李张辽 156****7368', 'total_price': '3649.00', 'items': []}
2020-10-26 11:54:03,623 INFO: 第2次 
2020-10-26 11:54:03,670 INFO: 检测[1]个口罩有货，[0]个口罩无货，[0]个口罩下柜，耗时[47]ms
2020-10-26 11:54:03,670 INFO: [67824255573]类型口罩有货啦!马上下单
2020-10-26 11:54:04,040 INFO: 下单信息：{'address': '北京 海淀区 五环到六环之间   永泰西里社区24号楼三单元403', 'receiver': '李张辽 156****7368', 'total_price': '3649.00', 'items': []}
2020-10-26 12:00:30,355 INFO: 当前是V3版本
2020-10-26 12:00:30,554 INFO: 登录成功
2020-10-26 12:00:30,631 INFO: 登录账号名称jdlzl_bs
2020-10-26 12:00:30,790 INFO: 清空购物车
2020-10-26 12:00:30,939 INFO: 67824255573  已成功加入购物车
2020-10-26 12:00:30,939 INFO: 第1次 
2020-10-26 12:00:31,001 INFO: 检测[1]个口罩有货，[0]个口罩无货，[0]个口罩下柜，耗时[62]ms
2020-10-26 12:00:31,001 INFO: [67824255573]类型口罩有货啦!马上下单
2020-10-26 12:00:31,425 INFO: 下单信息：{'address': '北京 海淀区 五环到六环之间   永泰西里社区24号楼三单元403', 'receiver': '李张辽 156****7368', 'total_price': '3649.00', 'items': []}
2020-10-26 12:04:37,667 INFO: 当前是V3版本
2020-10-26 12:04:37,797 INFO: 登录成功
2020-10-26 12:04:37,877 INFO: 登录账号名称jdlzl_bs
2020-10-26 12:04:38,039 INFO: 清空购物车
2020-10-26 12:04:38,188 INFO: 67824255573  已成功加入购物车
2020-10-26 12:04:38,189 INFO: 第1次 
2020-10-26 12:04:38,249 INFO: 检测[1]个口罩有货，[0]个口罩无货，[0]个口罩下柜，耗时[60]ms
2020-10-26 12:04:38,249 INFO: [67824255573]类型口罩有货啦!马上下单
2020-10-26 12:04:38,707 INFO: 下单信息：{'address': '北京 海淀区 五环到六环之间   永泰西里社区24号楼三单元403', 'receiver': '李张辽 156****7368', 'total_price': '3649.00', 'items': []}
2020-10-26 12:04:43,854 INFO: 第2次 
2020-10-26 12:04:43,905 INFO: 检测[1]个口罩有货，[0]个口罩无货，[0]个口罩下柜，耗时[51]ms
2020-10-26 12:04:43,906 INFO: [67824255573]类型口罩有货啦!马上下单
2020-10-26 12:04:44,305 INFO: 下单信息：{'address': '北京 海淀区 五环到六环之间   永泰西里社区24号楼三单元403', 'receiver': '李张辽 156****7368', 'total_price': '3649.00', 'items': []}
2020-10-26 12:05:32,131 INFO: 当前是V3版本
2020-10-26 12:05:32,776 INFO: 登录成功
2020-10-26 12:05:32,860 INFO: 登录账号名称jdlzl_bs
2020-10-26 12:05:33,014 INFO: 清空购物车
2020-10-26 12:05:33,174 INFO: 67824255573  已成功加入购物车
2020-10-26 12:05:33,175 INFO: 第1次 
2020-10-26 12:05:33,234 INFO: 检测[1]个口罩有货，[0]个口罩无货，[0]个口罩下柜，耗时[59]ms
2020-10-26 12:05:33,235 INFO: [67824255573]类型口罩有货啦!马上下单
2020-10-26 12:05:33,658 INFO: 下单信息：{'address': '北京 海淀区 五环到六环之间   永泰西里社区24号楼三单元403', 'receiver': '李张辽 156****7368', 'total_price': '3649.00', 'items': []}
2020-10-26 12:06:04,594 INFO: 当前是V3版本
2020-10-26 12:06:04,740 INFO: 登录成功
2020-10-26 12:06:05,095 INFO: 登录账号名称jdlzl_bs
2020-10-26 12:06:05,228 INFO: 清空购物车
2020-10-26 12:06:05,382 INFO: 67824255573  已成功加入购物车
2020-10-26 12:06:05,383 INFO: 第1次 
2020-10-26 12:06:05,434 INFO: 检测[1]个口罩有货，[0]个口罩无货，[0]个口罩下柜，耗时[51]ms
2020-10-26 12:06:05,434 INFO: [67824255573]类型口罩有货啦!马上下单
2020-10-26 12:06:06,069 INFO: 下单信息：{'address': '北京 海淀区 五环到六环之间   永泰西里社区24号楼三单元403', 'receiver': '李张辽 156****7368', 'total_price': '3649.00', 'items': []}
2020-10-26 12:07:19,809 INFO: 当前是V3版本
2020-10-26 12:07:19,961 INFO: 登录成功
2020-10-26 12:07:20,028 INFO: 登录账号名称jdlzl_bs
2020-10-26 12:07:20,191 INFO: 清空购物车
2020-10-26 12:07:20,335 INFO: 67824255573  已成功加入购物车
2020-10-26 12:07:20,335 INFO: 第1次 
2020-10-26 12:07:20,388 INFO: 检测[1]个口罩有货，[0]个口罩无货，[0]个口罩下柜，耗时[53]ms
2020-10-26 12:07:20,388 INFO: [67824255573]类型口罩有货啦!马上下单
2020-10-26 12:07:20,820 INFO: 下单信息：{'address': '北京 海淀区 五环到六环之间   永泰西里社区24号楼三单元403', 'receiver': '李张辽 156****7368', 'total_price': '3649.00', 'items': []}
2020-10-26 12:19:03,937 INFO: 当前是V3版本
2020-10-26 12:19:04,076 INFO: 登录成功
2020-10-26 12:19:04,162 INFO: 登录账号名称jdlzl_bs
2020-10-26 12:19:04,284 INFO: 清空购物车
2020-10-26 12:19:04,455 INFO: 10021604144688  已成功加入购物车
2020-10-26 12:19:04,455 INFO: 第1次 
2020-10-26 12:19:04,526 INFO: 检测[1]个口罩有货，[0]个口罩无货，[0]个口罩下柜，耗时[71]ms
2020-10-26 12:19:04,527 INFO: [10021604144688]类型口罩有货啦!马上下单
2020-10-26 12:19:05,024 INFO: 下单信息：{'address': '北京 海淀区 五环到六环之间   永泰西里社区24号楼三单元403', 'receiver': '李张辽 156****7368', 'total_price': '3518.00', 'items': []}
2020-10-26 12:19:06,087 INFO: 第2次 
2020-10-26 12:19:06,128 INFO: 检测[1]个口罩有货，[0]个口罩无货，[0]个口罩下柜，耗时[41]ms
2020-10-26 12:19:06,128 INFO: [10021604144688]类型口罩有货啦!马上下单
2020-10-26 12:19:06,533 INFO: 下单信息：{'address': '北京 海淀区 五环到六环之间   永泰西里社区24号楼三单元403', 'receiver': '李张辽 156****7368', 'total_price': '3518.00', 'items': []}
2020-11-11 17:21:51,790 INFO: 当前是V3版本
2020-11-11 17:21:51,865 INFO: 第【1】次请重新获取cookie
2020-11-11 17:21:56,895 INFO: 第【2】次请重新获取cookie
2020-11-11 17:25:29,877 INFO: 当前是V3版本
2020-11-11 17:25:30,047 INFO: 登录成功
2020-11-11 17:25:30,127 INFO: 登录账号名称jdlzl_bs
2020-11-11 17:25:30,293 INFO: 清空购物车
2020-11-11 17:25:30,472 INFO: 10021604144688  已成功加入购物车
2020-11-11 17:25:30,472 INFO: 第1次 
2020-11-11 17:25:30,531 INFO: 检测[1]个口罩有货，[0]个口罩无货，[0]个口罩下柜，耗时[59]ms
2020-11-11 17:25:30,531 INFO: [10021604144688]类型口罩有货啦!马上下单
2020-11-11 17:25:30,963 INFO: 下单信息：{'address': '北京 海淀区 五环到六环之间   永泰西里社区24号楼三单元403', 'receiver': '李张辽 156****7368', 'total_price': '3588.00', 'items': []}
2020-11-11 17:25:31,957 INFO: 第2次 
2020-11-11 17:25:32,013 INFO: 检测[1]个口罩有货，[0]个口罩无货，[0]个口罩下柜，耗时[56]ms
2020-11-11 17:25:32,013 INFO: [10021604144688]类型口罩有货啦!马上下单
2020-11-11 17:25:32,396 INFO: 下单信息：{'address': '北京 海淀区 五环到六环之间   永泰西里社区24号楼三单元403', 'receiver': '李张辽 156****7368', 'total_price': '3588.00', 'items': []}
2020-11-11 17:30:08,515 INFO: 当前是V3版本
2020-11-11 17:30:08,795 INFO: 登录成功
2020-11-11 17:30:08,855 INFO: 登录账号名称jdlzl_bs
2020-11-11 17:30:09,253 INFO: 清空购物车
2020-11-11 17:30:09,652 INFO: 10021604144688  已成功加入购物车
2020-11-11 17:30:09,653 INFO: 第1次 
2020-11-11 17:30:09,705 INFO: 检测[1]个口罩有货，[0]个口罩无货，[0]个口罩下柜，耗时[52]ms
2020-11-11 17:30:09,705 INFO: [10021604144688]类型口罩有货啦!马上下单
2020-11-11 17:30:10,757 INFO: 下单信息：{'address': '北京 海淀区 五环到六环之间   永泰西里社区24号楼三单元403', 'receiver': '李张辽 156****7368', 'total_price': '3588.00', 'items': []}
2020-11-11 17:32:34,088 INFO: 当前是V3版本
2020-11-11 17:32:35,175 INFO: 登录成功
2020-11-11 17:32:36,274 INFO: 登录账号名称jdlzl_bs
2020-11-11 17:32:36,654 INFO: 清空购物车
2020-11-11 17:32:37,389 INFO: 10021604144688  已成功加入购物车
2020-11-11 17:32:37,389 INFO: 第1次 
2020-11-11 17:32:37,886 INFO: 检测[1]个口罩有货，[0]个口罩无货，[0]个口罩下柜，耗时[496]ms
2020-11-11 17:32:37,886 INFO: [10021604144688]类型口罩有货啦!马上下单
2020-11-11 17:32:38,723 ERROR: 下单页面数据解析异常：write() argument must be str, not BeautifulSoup
2020-11-11 17:32:40,417 INFO: 第2次 
2020-11-11 17:32:40,503 INFO: 检测[1]个口罩有货，[0]个口罩无货，[0]个口罩下柜，耗时[86]ms
2020-11-11 17:32:40,504 INFO: [10021604144688]类型口罩有货啦!马上下单
2020-11-11 17:32:41,252 ERROR: 下单页面数据解析异常：write() argument must be str, not BeautifulSoup
2020-11-11 17:33:52,063 INFO: 当前是V3版本
2020-11-11 17:33:53,859 INFO: 登录成功
2020-11-11 17:33:53,968 INFO: 登录账号名称jdlzl_bs
2020-11-11 17:33:54,358 INFO: 清空购物车
2020-11-11 17:33:54,565 INFO: 10021604144688  已成功加入购物车
2020-11-11 17:33:54,568 INFO: 第1次 
2020-11-11 17:33:54,852 INFO: 检测[1]个口罩有货，[0]个口罩无货，[0]个口罩下柜，耗时[284]ms
2020-11-11 17:33:54,852 INFO: [10021604144688]类型口罩有货啦!马上下单
2020-11-11 17:33:55,684 ERROR: 下单页面数据解析异常：write() argument must be str, not BeautifulSoup
2020-11-11 17:34:23,540 INFO: 当前是V3版本
2020-11-11 17:34:23,721 INFO: 登录成功
2020-11-11 17:34:23,793 INFO: 登录账号名称jdlzl_bs
2020-11-11 17:34:23,970 INFO: 清空购物车
2020-11-11 17:34:25,174 INFO: 10021604144688  已成功加入购物车
2020-11-11 17:34:25,175 INFO: 第1次 
2020-11-11 17:34:25,221 INFO: 检测[1]个口罩有货，[0]个口罩无货，[0]个口罩下柜，耗时[46]ms
2020-11-11 17:34:25,221 INFO: [10021604144688]类型口罩有货啦!马上下单
2020-11-11 17:34:25,918 INFO: 下单信息：{'address': '北京 海淀区 五环到六环之间   永泰西里社区24号楼三单元403', 'receiver': '李张辽 156****7368', 'total_price': '3588.00', 'items': []}
2020-11-11 17:36:04,414 INFO: 当前是V3版本
2020-11-11 17:36:04,781 INFO: 登录成功
2020-11-11 17:36:04,978 INFO: 登录账号名称jdlzl_bs
2020-11-11 17:36:05,658 INFO: 清空购物车
2020-11-11 17:36:06,331 INFO: 10021604144688  已成功加入购物车
2020-11-11 17:36:06,332 INFO: 第1次 
2020-11-11 17:36:06,639 INFO: 检测[1]个口罩有货，[0]个口罩无货，[0]个口罩下柜，耗时[307]ms
2020-11-11 17:36:06,639 INFO: [10021604144688]类型口罩有货啦!马上下单
2020-11-11 17:36:07,554 INFO: 下单信息：{'address': '北京 海淀区 五环到六环之间   永泰西里社区24号楼三单元403', 'receiver': '李张辽 156****7368', 'total_price': '3588.00', 'items': []}
2020-11-11 17:36:08,435 INFO: 第2次 
2020-11-11 17:36:08,486 INFO: 检测[1]个口罩有货，[0]个口罩无货，[0]个口罩下柜，耗时[51]ms
2020-11-11 17:36:08,486 INFO: [10021604144688]类型口罩有货啦!马上下单
2020-11-11 17:37:20,382 INFO: 当前是V3版本
2020-11-11 17:37:20,575 INFO: 登录成功
2020-11-11 17:37:20,665 INFO: 登录账号名称jdlzl_bs
2020-11-11 17:37:20,886 INFO: 清空购物车
2020-11-11 17:37:21,088 INFO: 10021604144688  已成功加入购物车
2020-11-11 17:37:21,088 INFO: 第1次 
2020-11-11 17:37:21,148 INFO: 检测[1]个口罩有货，[0]个口罩无货，[0]个口罩下柜，耗时[60]ms
2020-11-11 17:37:21,148 INFO: [10021604144688]类型口罩有货啦!马上下单
2020-11-11 17:37:21,660 INFO: 下单信息：{'address': '北京 海淀区 五环到六环之间   永泰西里社区24号楼三单元403', 'receiver': '李张辽 156****7368', 'total_price': '3588.00', 'items': []}
2020-11-11 17:37:22,327 INFO: 第2次 
2020-11-11 17:37:22,383 INFO: 检测[1]个口罩有货，[0]个口罩无货，[0]个口罩下柜，耗时[56]ms
2020-11-11 17:37:22,383 INFO: [10021604144688]类型口罩有货啦!马上下单
2020-11-11 17:37:45,337 INFO: 当前是V3版本
2020-11-11 17:37:45,525 INFO: 登录成功
2020-11-11 17:37:45,611 INFO: 登录账号名称jdlzl_bs
2020-11-11 17:37:46,142 INFO: 清空购物车
2020-11-11 17:37:46,386 INFO: 10021604144688  已成功加入购物车
2020-11-11 17:37:46,386 INFO: 第1次 
2020-11-11 17:37:46,453 INFO: 检测[1]个口罩有货，[0]个口罩无货，[0]个口罩下柜，耗时[67]ms
2020-11-11 17:37:46,454 INFO: [10021604144688]类型口罩有货啦!马上下单
2020-11-11 17:38:05,501 INFO: 下单信息：{'address': '北京 海淀区 五环到六环之间   永泰西里社区24号楼三单元403', 'receiver': '李张辽 156****7368', 'total_price': '3588.00', 'items': []}
2020-11-11 17:38:06,075 INFO: 第2次 
2020-11-11 17:38:06,144 INFO: 检测[1]个口罩有货，[0]个口罩无货，[0]个口罩下柜，耗时[68]ms
2020-11-11 17:38:06,145 INFO: [10021604144688]类型口罩有货啦!马上下单
2020-11-11 17:40:39,800 INFO: 当前是V3版本
2020-11-11 17:40:39,964 INFO: 登录成功
2020-11-11 17:40:40,042 INFO: 登录账号名称jdlzl_bs
2020-11-11 17:40:40,237 INFO: 清空购物车
2020-11-11 17:40:40,436 INFO: 10021604144688  已成功加入购物车
2020-11-11 17:40:40,437 INFO: 第1次 
2020-11-11 17:40:40,503 INFO: 检测[1]个口罩有货，[0]个口罩无货，[0]个口罩下柜，耗时[66]ms
2020-11-11 17:40:40,504 INFO: [10021604144688]类型口罩有货啦!马上下单
2020-11-11 17:40:41,008 INFO: 下单信息：{'address': '北京 海淀区 五环到六环之间   永泰西里社区24号楼三单元403', 'receiver': '李张辽 156****7368', 'total_price': '3588.00', 'items': []}
2020-11-11 17:40:41,366 INFO: 第2次 
2020-11-11 17:40:41,416 INFO: 检测[1]个口罩有货，[0]个口罩无货，[0]个口罩下柜，耗时[50]ms
2020-11-11 17:40:41,416 INFO: [10021604144688]类型口罩有货啦!马上下单
2020-11-11 17:40:41,891 INFO: 下单信息：{'address': '北京 海淀区 五环到六环之间   永泰西里社区24号楼三单元403', 'receiver': '李张辽 156****7368', 'total_price': '3588.00', 'items': []}
2020-11-11 17:40:42,373 INFO: 第3次 
2020-11-11 17:40:42,438 INFO: 检测[1]个口罩有货，[0]个口罩无货，[0]个口罩下柜，耗时[64]ms
2020-11-11 17:40:42,438 INFO: [10021604144688]类型口罩有货啦!马上下单
2020-11-11 17:43:01,612 INFO: 当前是V3版本
2020-11-11 17:43:01,807 INFO: 登录成功
2020-11-11 17:43:01,885 INFO: 登录账号名称jdlzl_bs
2020-11-11 17:43:02,088 INFO: 清空购物车
2020-11-11 17:43:02,295 INFO: 10021604144688  已成功加入购物车
2020-11-11 17:43:02,295 INFO: 第1次 
2020-11-11 17:43:02,369 INFO: 检测[1]个口罩有货，[0]个口罩无货，[0]个口罩下柜，耗时[73]ms
2020-11-11 17:43:02,369 INFO: [10021604144688]类型口罩有货啦!马上下单
2020-11-11 17:43:02,914 INFO: 下单信息：{'address': '北京 海淀区 五环到六环之间   永泰西里社区24号楼三单元403', 'receiver': '李张辽 156****7368', 'total_price': '3588.00', 'items': []}
2020-11-11 17:43:03,722 INFO: 第2次 
2020-11-11 17:43:03,784 INFO: 检测[1]个口罩有货，[0]个口罩无货，[0]个口罩下柜，耗时[62]ms
2020-11-11 17:43:03,784 INFO: [10021604144688]类型口罩有货啦!马上下单
2020-11-11 17:43:04,415 INFO: 下单信息：{'address': '北京 海淀区 五环到六环之间   永泰西里社区24号楼三单元403', 'receiver': '李张辽 156****7368', 'total_price': '3588.00', 'items': []}
2020-11-11 17:43:05,334 INFO: 第3次 
2020-11-11 17:43:05,396 INFO: 检测[1]个口罩有货，[0]个口罩无货，[0]个口罩下柜，耗时[62]ms
2020-11-11 17:43:05,397 INFO: [10021604144688]类型口罩有货啦!马上下单
2020-11-11 17:53:22,664 INFO: 当前是V3版本
2020-11-11 17:53:23,040 INFO: 登录成功
2020-11-11 17:53:23,120 INFO: 登录账号名称jdlzl_bs
2020-11-11 17:53:23,467 INFO: 清空购物车
2020-11-11 17:53:23,682 INFO: 10021604144688  已成功加入购物车
2020-11-11 17:53:23,683 INFO: 第1次 
2020-11-11 17:53:23,747 INFO: 检测[1]个口罩有货，[0]个口罩无货，[0]个口罩下柜，耗时[63]ms
2020-11-11 17:53:23,747 INFO: [10021604144688]类型口罩有货啦!马上下单
2020-11-11 17:53:24,749 INFO: 下单信息：{'address': '北京 海淀区 五环到六环之间   永泰西里社区24号楼三单元403', 'receiver': '李张辽 156****7368', 'total_price': '3588.00', 'items': []}
2020-11-11 17:53:25,658 INFO: 第2次 
2020-11-11 17:53:25,702 INFO: 检测[1]个口罩有货，[0]个口罩无货，[0]个口罩下柜，耗时[44]ms
2020-11-11 17:53:25,703 INFO: [10021604144688]类型口罩有货啦!马上下单
2020-11-11 17:53:26,458 INFO: 下单信息：{'address': '北京 海淀区 五环到六环之间   永泰西里社区24号楼三单元403', 'receiver': '李张辽 156****7368', 'total_price': '3588.00', 'items': []}
2020-11-11 17:53:27,151 INFO: 第3次 
2020-11-11 17:53:27,261 INFO: 检测[1]个口罩有货，[0]个口罩无货，[0]个口罩下柜，耗时[108]ms
2020-11-11 17:53:27,262 INFO: [10021604144688]类型口罩有货啦!马上下单
2020-11-11 17:56:16,577 INFO: 当前是V3版本
2020-11-11 17:56:16,866 INFO: 登录成功
2020-11-11 17:56:16,954 INFO: 登录账号名称jdlzl_bs
2020-11-11 17:56:17,174 INFO: 清空购物车
2020-11-11 17:56:17,426 INFO: 10021604144688  已成功加入购物车
2020-11-11 17:56:17,426 INFO: 第1次 
2020-11-11 17:56:17,493 INFO: 检测[1]个口罩有货，[0]个口罩无货，[0]个口罩下柜，耗时[67]ms
2020-11-11 17:56:17,493 INFO: [10021604144688]类型口罩有货啦!马上下单
2020-11-11 17:56:18,469 INFO: 下单信息：{'address': '北京 海淀区 五环到六环之间   永泰西里社区24号楼三单元403', 'receiver': '李张辽 156****7368', 'total_price': '3588.00', 'items': []}
2020-11-11 17:56:19,882 INFO: 第2次 
2020-11-11 17:56:20,009 INFO: 检测[1]个口罩有货，[0]个口罩无货，[0]个口罩下柜，耗时[126]ms
2020-11-11 17:56:20,010 INFO: [10021604144688]类型口罩有货啦!马上下单
2020-11-11 17:56:21,211 INFO: 下单信息：{'address': '北京 海淀区 五环到六环之间   永泰西里社区24号楼三单元403', 'receiver': '李张辽 156****7368', 'total_price': '3588.00', 'items': []}
2020-11-11 17:56:22,428 INFO: 第3次 
2020-11-11 17:56:22,502 INFO: 检测[1]个口罩有货，[0]个口罩无货，[0]个口罩下柜，耗时[73]ms
2020-11-11 17:56:22,503 INFO: [10021604144688]类型口罩有货啦!马上下单
2020-11-11 17:56:23,923 INFO: 下单信息：{'address': '北京 海淀区 五环到六环之间   永泰西里社区24号楼三单元403', 'receiver': '李张辽 156****7368', 'total_price': '3588.00', 'items': []}
2020-11-11 17:56:24,840 INFO: 第4次 
2020-11-11 17:56:24,895 INFO: 检测[1]个口罩有货，[0]个口罩无货，[0]个口罩下柜，耗时[55]ms
2020-11-11 17:56:24,896 INFO: [10021604144688]类型口罩有货啦!马上下单
2020-11-11 17:56:28,278 INFO: 下单信息：{'address': '北京 海淀区 五环到六环之间   永泰西里社区24号楼三单元403', 'receiver': '李张辽 156****7368', 'total_price': '3588.00', 'items': []}
2020-11-11 17:56:46,556 INFO: 第5次 
2020-11-11 17:56:46,619 INFO: 检测[1]个口罩有货，[0]个口罩无货，[0]个口罩下柜，耗时[63]ms
2020-11-11 17:56:46,620 INFO: [10021604144688]类型口罩有货啦!马上下单
2020-11-11 17:58:30,486 INFO: 当前是V3版本
2020-11-11 17:58:30,673 INFO: 登录成功
2020-11-11 17:58:32,067 INFO: 登录账号名称jdlzl_bs
2020-11-11 17:58:32,236 INFO: 清空购物车
2020-11-11 17:58:32,400 INFO: 10021604144688  已成功加入购物车
2020-11-11 17:58:32,401 INFO: 第1次 
2020-11-11 17:58:32,464 INFO: 检测[1]个口罩有货，[0]个口罩无货，[0]个口罩下柜，耗时[63]ms
2020-11-11 17:58:32,465 INFO: [10021604144688]类型口罩有货啦!马上下单
2020-11-11 17:58:32,951 INFO: 下单信息：{'address': '北京 海淀区 五环到六环之间   永泰西里社区24号楼三单元403', 'receiver': '李张辽 156****7368', 'total_price': '3588.00', 'items': []}
2020-11-11 17:58:33,406 INFO: 第2次 
2020-11-11 17:58:33,457 INFO: 检测[1]个口罩有货，[0]个口罩无货，[0]个口罩下柜，耗时[50]ms
2020-11-11 17:58:33,458 INFO: [10021604144688]类型口罩有货啦!马上下单
2020-11-11 17:58:33,883 INFO: 下单信息：{'address': '北京 海淀区 五环到六环之间   永泰西里社区24号楼三单元403', 'receiver': '李张辽 156****7368', 'total_price': '3588.00', 'items': []}
2020-11-11 17:58:34,400 INFO: 第3次 
2020-11-11 17:58:34,452 INFO: 检测[1]个口罩有货，[0]个口罩无货，[0]个口罩下柜，耗时[52]ms
2020-11-11 17:58:34,452 INFO: [10021604144688]类型口罩有货啦!马上下单
2020-11-11 17:58:34,862 INFO: 下单信息：{'address': '北京 海淀区 五环到六环之间   永泰西里社区24号楼三单元403', 'receiver': '李张辽 156****7368', 'total_price': '3588.00', 'items': []}
2020-11-11 17:58:58,109 INFO: 当前是V3版本
2020-11-11 17:58:58,305 INFO: 登录成功
2020-11-11 17:58:58,381 INFO: 登录账号名称jdlzl_bs
2020-11-11 17:58:58,577 INFO: 清空购物车
2020-11-11 17:59:21,233 INFO: 当前是V3版本
2020-11-11 17:59:21,738 INFO: 登录成功
2020-11-11 17:59:21,814 INFO: 登录账号名称jdlzl_bs
2020-11-11 17:59:21,992 INFO: 清空购物车
2020-11-11 17:59:22,230 INFO: 10021604144688  已成功加入购物车
2020-11-11 17:59:22,230 INFO: 第1次 
2020-11-11 17:59:22,293 INFO: 检测[1]个口罩有货，[0]个口罩无货，[0]个口罩下柜，耗时[63]ms
2020-11-11 17:59:22,294 INFO: [10021604144688]类型口罩有货啦!马上下单
2020-11-11 17:59:27,157 INFO: 下单信息：{'address': '北京 海淀区 五环到六环之间   永泰西里社区24号楼三单元403', 'receiver': '李张辽 156****7368', 'total_price': '3588.00', 'items': []}
2020-11-11 17:59:29,210 INFO: 第2次 
2020-11-11 17:59:29,459 INFO: 检测[1]个口罩有货，[0]个口罩无货，[0]个口罩下柜，耗时[248]ms
2020-11-11 17:59:29,459 INFO: [10021604144688]类型口罩有货啦!马上下单
2020-11-11 17:59:30,534 INFO: 下单信息：{'address': '北京 海淀区 五环到六环之间   永泰西里社区24号楼三单元403', 'receiver': '李张辽 156****7368', 'total_price': '3588.00', 'items': []}
2020-11-11 17:59:31,772 INFO: 第3次 
2020-11-11 17:59:31,830 INFO: 检测[1]个口罩有货，[0]个口罩无货，[0]个口罩下柜，耗时[57]ms
2020-11-11 17:59:31,830 INFO: [10021604144688]类型口罩有货啦!马上下单
2020-11-11 17:59:32,729 INFO: 下单信息：{'address': '北京 海淀区 五环到六环之间   永泰西里社区24号楼三单元403', 'receiver': '李张辽 156****7368', 'total_price': '3588.00', 'items': []}
2020-11-11 17:59:33,516 INFO: 第4次 
2020-11-11 17:59:33,566 INFO: 检测[1]个口罩有货，[0]个口罩无货，[0]个口罩下柜，耗时[49]ms
2020-11-11 17:59:33,566 INFO: [10021604144688]类型口罩有货啦!马上下单
2020-11-11 17:59:34,406 INFO: 下单信息：{'address': '北京 海淀区 五环到六环之间   永泰西里社区24号楼三单元403', 'receiver': '李张辽 156****7368', 'total_price': '3588.00', 'items': []}
2020-11-11 17:59:34,981 INFO: 第5次 
2020-11-11 17:59:35,042 INFO: 检测[1]个口罩有货，[0]个口罩无货，[0]个口罩下柜，耗时[61]ms
2020-11-11 17:59:35,043 INFO: [10021604144688]类型口罩有货啦!马上下单
2020-11-11 17:59:35,979 INFO: 下单信息：{'address': '北京 海淀区 五环到六环之间   永泰西里社区24号楼三单元403', 'receiver': '李张辽 156****7368', 'total_price': '3588.00', 'items': []}
2020-11-11 17:59:36,784 INFO: 第6次 
2020-11-11 17:59:36,836 INFO: 检测[1]个口罩有货，[0]个口罩无货，[0]个口罩下柜，耗时[51]ms
2020-11-11 17:59:36,837 INFO: [10021604144688]类型口罩有货啦!马上下单
2020-11-11 17:59:41,556 INFO: 下单信息：{'address': '北京 海淀区 五环到六环之间   永泰西里社区24号楼三单元403', 'receiver': '李张辽 156****7368', 'total_price': '3588.00', 'items': []}
2020-11-11 17:59:42,794 INFO: 第7次 
2020-11-11 17:59:42,873 INFO: 检测[1]个口罩有货，[0]个口罩无货，[0]个口罩下柜，耗时[78]ms
2020-11-11 17:59:42,874 INFO: [10021604144688]类型口罩有货啦!马上下单
2020-11-11 17:59:44,219 INFO: 下单信息：{'address': '北京 海淀区 五环到六环之间   永泰西里社区24号楼三单元403', 'receiver': '李张辽 156****7368', 'total_price': '3588.00', 'items': []}
2020-11-11 17:59:45,796 INFO: 第8次 
2020-11-11 17:59:45,846 INFO: 检测[1]个口罩有货，[0]个口罩无货，[0]个口罩下柜，耗时[49]ms
2020-11-11 17:59:45,846 INFO: [10021604144688]类型口罩有货啦!马上下单
2020-11-11 17:59:46,857 INFO: 下单信息：{'address': '北京 海淀区 五环到六环之间   永泰西里社区24号楼三单元403', 'receiver': '李张辽 156****7368', 'total_price': '3588.00', 'items': []}
2020-11-11 17:59:48,330 INFO: 第9次 
2020-11-11 17:59:48,379 INFO: 检测[1]个口罩有货，[0]个口罩无货，[0]个口罩下柜，耗时[48]ms
2020-11-11 17:59:48,379 INFO: [10021604144688]类型口罩有货啦!马上下单
2020-11-11 17:59:49,239 INFO: 下单信息：{'address': '北京 海淀区 五环到六环之间   永泰西里社区24号楼三单元403', 'receiver': '李张辽 156****7368', 'total_price': '3588.00', 'items': []}
2020-11-11 17:59:50,402 INFO: 第10次 
2020-11-11 17:59:50,508 INFO: 检测[1]个口罩有货，[0]个口罩无货，[0]个口罩下柜，耗时[106]ms
2020-11-11 17:59:50,508 INFO: [10021604144688]类型口罩有货啦!马上下单
2020-11-11 17:59:51,418 INFO: 下单信息：{'address': '北京 海淀区 五环到六环之间   永泰西里社区24号楼三单元403', 'receiver': '李张辽 156****7368', 'total_price': '3588.00', 'items': []}
2020-11-11 17:59:52,268 INFO: 第11次 
2020-11-11 17:59:52,320 INFO: 检测[1]个口罩有货，[0]个口罩无货，[0]个口罩下柜，耗时[51]ms
2020-11-11 17:59:52,321 INFO: [10021604144688]类型口罩有货啦!马上下单
2020-11-11 17:59:53,168 INFO: 下单信息：{'address': '北京 海淀区 五环到六环之间   永泰西里社区24号楼三单元403', 'receiver': '李张辽 156****7368', 'total_price': '3588.00', 'items': []}
2020-11-11 17:59:53,972 INFO: 第12次 
2020-11-11 17:59:54,023 INFO: 检测[1]个口罩有货，[0]个口罩无货，[0]个口罩下柜，耗时[50]ms
2020-11-11 17:59:54,024 INFO: [10021604144688]类型口罩有货啦!马上下单
2020-11-11 17:59:55,309 INFO: 下单信息：{'address': '北京 海淀区 五环到六环之间   永泰西里社区24号楼三单元403', 'receiver': '李张辽 156****7368', 'total_price': '3588.00', 'items': []}
2020-11-11 17:59:56,161 INFO: 第13次 
2020-11-11 17:59:56,224 INFO: 检测[1]个口罩有货，[0]个口罩无货，[0]个口罩下柜，耗时[63]ms
2020-11-11 17:59:56,224 INFO: [10021604144688]类型口罩有货啦!马上下单
2020-11-11 17:59:57,181 INFO: 下单信息：{'address': '北京 海淀区 五环到六环之间   永泰西里社区24号楼三单元403', 'receiver': '李张辽 156****7368', 'total_price': '3588.00', 'items': []}
2020-11-11 17:59:58,321 INFO: 第14次 
2020-11-11 17:59:58,380 INFO: 检测[1]个口罩有货，[0]个口罩无货，[0]个口罩下柜，耗时[53]ms
2020-11-11 17:59:58,381 INFO: [10021604144688]类型口罩有货啦!马上下单
2020-11-11 17:59:59,316 INFO: 下单信息：{'address': '北京 海淀区 五环到六环之间   永泰西里社区24号楼三单元403', 'receiver': '李张辽 156****7368', 'total_price': '3588.00', 'items': []}
2020-11-11 18:00:10,810 INFO: 第15次 
2020-11-11 18:00:10,882 INFO: 检测[1]个口罩有货，[0]个口罩无货，[0]个口罩下柜，耗时[61]ms
2020-11-11 18:00:10,882 INFO: [10021604144688]类型口罩有货啦!马上下单
2020-11-11 18:00:11,703 INFO: 下单信息：{'address': '北京 海淀区 五环到六环之间   永泰西里社区24号楼三单元403', 'receiver': '李张辽 156****7368', 'total_price': '3588.00', 'items': []}
2020-11-11 18:00:15,215 INFO: 第16次 
2020-11-11 18:00:15,263 INFO: 检测[1]个口罩有货，[0]个口罩无货，[0]个口罩下柜，耗时[47]ms
2020-11-11 18:00:15,263 INFO: [10021604144688]类型口罩有货啦!马上下单
2020-11-11 18:00:16,093 INFO: 下单信息：{'address': '北京 海淀区 五环到六环之间   永泰西里社区24号楼三单元403', 'receiver': '李张辽 156****7368', 'total_price': '3588.00', 'items': []}
2020-11-11 18:01:40,882 INFO: 第17次 
2020-11-11 18:01:40,933 INFO: 检测[1]个口罩有货，[0]个口罩无货，[0]个口罩下柜，耗时[51]ms
2020-11-11 18:01:40,937 INFO: [10021604144688]类型口罩有货啦!马上下单
2020-11-11 18:01:41,832 INFO: 下单信息：{'address': '北京 海淀区 五环到六环之间   永泰西里社区24号楼三单元403', 'receiver': '李张辽 156****7368', 'total_price': '3588.00', 'items': []}
2020-11-11 18:01:55,969 INFO: 当前是V3版本
2020-11-11 18:01:56,161 INFO: 登录成功
2020-11-11 18:01:56,247 INFO: 登录账号名称jdlzl_bs
2020-11-11 18:01:56,458 INFO: 清空购物车
2020-11-11 18:01:56,673 INFO: 10021604144688  已成功加入购物车
2020-11-11 18:01:56,674 INFO: 第1次 
2020-11-11 18:01:56,735 INFO: 检测[1]个口罩有货，[0]个口罩无货，[0]个口罩下柜，耗时[60]ms
2020-11-11 18:01:56,736 INFO: [10021604144688]类型口罩有货啦!马上下单
2020-11-11 18:01:57,941 INFO: 下单信息：{'address': '北京 海淀区 五环到六环之间   永泰西里社区24号楼三单元403', 'receiver': '李张辽 156****7368', 'total_price': '3588.00', 'items': []}
2020-11-11 18:03:33,464 INFO: 第[1/3]次尝试提交订单
2020-11-11 18:04:10,870 INFO: 本次提交订单耗时[134134]毫秒
2020-11-11 18:04:10,870 INFO: 订单提交成功! 订单号：132604617654
2020-11-11 18:05:21,527 INFO: 当前是V3版本
2020-11-11 18:05:21,699 INFO: 登录成功
2020-11-11 18:05:21,764 INFO: 登录账号名称jdlzl_bs
2020-11-11 18:05:21,946 INFO: 清空购物车
2020-11-11 18:05:22,128 INFO: 10021604144688  已成功加入购物车
2020-11-11 18:05:22,129 INFO: 第1次 
2020-11-11 18:05:22,187 INFO: 检测[1]个口罩有货，[0]个口罩无货，[0]个口罩下柜，耗时[58]ms
2020-11-11 18:05:22,188 INFO: [10021604144688]类型口罩有货啦!马上下单
2020-11-11 18:05:22,749 INFO: 下单信息：{'address': '北京 海淀区 五环到六环之间   永泰西里社区24号楼三单元403', 'receiver': '李张辽 156****7368', 'total_price': '3466.42', 'items': []}
2020-11-11 18:05:22,750 INFO: 第[1/3]次尝试提交订单
2020-11-11 18:05:22,852 INFO: 本次提交订单耗时[664]毫秒
2020-11-11 18:05:22,852 INFO: 订单提交失败, 错误码：60123, 返回信息：请输入支付密码(需要在payment_pwd参数配置支付密码)
2020-11-11 18:05:22,852 INFO: {'overSea': False, 'orderXml': None, 'cartXml': None, 'noStockSkuIds': '', 'reqInfo': None, 'hasJxj': False, 'addedServiceList': [], 'sign': None, 'pin': 'lzl1346162166', 'overseaMerge': False, 'needCheckCode': False, 'success': False, 'addressVO': {'overseas': 0, 'selfPickOptimize': 0, 'pin': None, 'gcReliability': 0, 'gcReliabilitySource': 0, 'fullAddress': '北京海淀区五环到六环之间永泰西里社区24号楼三单元403', 'freePay': False, 'addressDefault': True, 'pickVOselected': False, 'selfPickAddressShuntFlag': 0, 'branchId': 0, 'tipInfo': None, 'siteProvinceId': 0, 'siteCityId': 0, 'siteCountyId': 0, 'siteTownId': 0, 'skuSupported': False, 'addressSupported': 0, 'consigneeName': None, 'pickVOname': None, 'retTag': 2, 'tagSource': 1, 'userDefinedTag': None, 'newProvinceId': 0, 'newCityId': 0, 'newCountyId': 0, 'newTownId': 0, 'newProvinceName': None, 'newCityName': None, 'newCountyName': None, 'newTownName': None, 'checkLevel': 0, 'optimizePickID': 0, 'pickType': 0, 'dataSign': 0, 'appSelfPickAddress': 0, 'associatePickId': 0, 'associateAddressId': 0, 'appId': None, 'encryptText': None, 'certNum': None, 'addressDefaultCancel': None, 'updateTime': '2020-11-06 22:46:30', 'lastOrderAddress': False, 'sendMq': 0, 'addressMapperInfoVO': None, 'oldAddress': False, 'mapping': False, 'coordType': 2, 'operateTime': None, 'areaName': '北京 海淀区 五环到六环之间 ', 'provinceId': 1, 'cityId': 2800, 'countyId': 2851, 'townId': 0, 'mobile': '15600277368', 'paymentId': 0, 'selected': True, 'addressDetail': '永泰西里社区24号楼三单元403', 'idCard': '', 'phone': '', 'email': '', 'selfPickMobile': None, 'selfPickPhone': None, 'selectedAddressType': 0, 'addressType': 0, 'provinceName': '北京', 'cityName': '海淀区', 'countyName': '五环到六环之间', 'townName': '', 'addressName': '李张辽', 'areaCode': '', 'nameCode': None, 'postCode': '', 'giftSenderConsigneeName': None, 'giftSenderConsigneeMobile': None, 'gcLat': 40.03307, 'gcLng': 116.356438, 'longitude': 116.356438, 'latitude': 40.03307, 'consigneeId': 0, 'shipmentType': 0, 'canSelected': False, 'pickId': 0, 'pickName': None, 'mapUrl': None, 'siteType': 0, 'used': False, 'helpMessage': None, 'cabinetAvailable': True, 'limitKeyword': 0, 'specialRemark': None, 'isCod': 0, 'showChangeJingAddressFlag': None, 'recordMark': None, 'address': None, 'name': '李张辽', 'message': None, 'id': 1818421706, 'readOnly': False, 'uuid': None, 'relationMap': None}, 'resultCode': 60123, 'orderId': 0, 'submitSkuNum': 0, 'deductMoneyFlag': 0, 'goJumpOrderCenter': False, 'payInfo': None, 'scaleSkuInfoListVO': None, 'purchaseSkuInfoListVO': None, 'noSupportHomeServiceSkuList': None, 'msgMobile': None, 'orderType': 0, 'msgUuid': None, 'international': False, 'message': '请输入支付密码'}
2020-11-11 18:05:23,511 INFO: 第2次 
2020-11-11 18:05:23,563 INFO: 检测[1]个口罩有货，[0]个口罩无货，[0]个口罩下柜，耗时[51]ms
2020-11-11 18:05:23,563 INFO: [10021604144688]类型口罩有货啦!马上下单
2020-11-11 18:05:24,048 INFO: 下单信息：{'address': '北京 海淀区 五环到六环之间   永泰西里社区24号楼三单元403', 'receiver': '李张辽 156****7368', 'total_price': '3466.42', 'items': []}
2020-11-11 18:05:24,048 INFO: 第[1/3]次尝试提交订单
2020-11-11 18:05:24,080 INFO: 本次提交订单耗时[517]毫秒
2020-11-11 18:05:24,080 INFO: 订单提交失败, 错误码：0, 返回信息：您多次提交过快，请稍后再试(下单商品可能为第三方商品，将切换为普通发票进行尝试)
2020-11-11 18:05:24,080 INFO: {'overSea': False, 'orderXml': None, 'cartXml': None, 'noStockSkuIds': '', 'reqInfo': None, 'hasJxj': False, 'addedServiceList': None, 'sign': None, 'international': False, 'pin': 'lzl1346162166', 'overseaMerge': False, 'needCheckCode': False, 'success': False, 'addressVO': None, 'resultCode': 0, 'orderId': 0, 'submitSkuNum': 0, 'deductMoneyFlag': 0, 'goJumpOrderCenter': False, 'payInfo': None, 'scaleSkuInfoListVO': None, 'purchaseSkuInfoListVO': None, 'noSupportHomeServiceSkuList': None, 'msgMobile': None, 'orderType': 0, 'msgUuid': None, 'message': '您多次提交过快，请稍后再试'}
2020-11-11 18:05:24,593 INFO: 第3次 
2020-11-11 18:05:24,654 INFO: 检测[1]个口罩有货，[0]个口罩无货，[0]个口罩下柜，耗时[60]ms
2020-11-11 18:05:24,655 INFO: [10021604144688]类型口罩有货啦!马上下单
2020-11-11 18:05:25,356 INFO: 下单信息：{'address': '北京 海淀区 五环到六环之间   永泰西里社区24号楼三单元403', 'receiver': '李张辽 156****7368', 'total_price': '3466.42', 'items': []}
2020-11-11 18:05:25,356 INFO: 第[1/3]次尝试提交订单
2020-11-11 18:05:25,393 INFO: 本次提交订单耗时[738]毫秒
2020-11-11 18:05:25,393 INFO: 订单提交失败, 错误码：0, 返回信息：您多次提交过快，请稍后再试(下单商品可能为第三方商品，将切换为普通发票进行尝试)
2020-11-11 18:05:25,394 INFO: {'reqInfo': None, 'hasJxj': False, 'addedServiceList': None, 'overSea': False, 'orderXml': None, 'cartXml': None, 'noStockSkuIds': '', 'sign': None, 'pin': 'lzl1346162166', 'overseaMerge': False, 'needCheckCode': False, 'success': False, 'addressVO': None, 'resultCode': 0, 'orderId': 0, 'submitSkuNum': 0, 'deductMoneyFlag': 0, 'goJumpOrderCenter': False, 'payInfo': None, 'scaleSkuInfoListVO': None, 'purchaseSkuInfoListVO': None, 'noSupportHomeServiceSkuList': None, 'msgMobile': None, 'orderType': 0, 'msgUuid': None, 'international': False, 'message': '您多次提交过快，请稍后再试'}
2020-11-11 18:05:26,132 INFO: 第4次 
2020-11-11 18:05:26,186 INFO: 检测[1]个口罩有货，[0]个口罩无货，[0]个口罩下柜，耗时[53]ms
2020-11-11 18:05:26,187 INFO: [10021604144688]类型口罩有货啦!马上下单
2020-11-11 18:05:26,689 INFO: 下单信息：{'address': '北京 海淀区 五环到六环之间   永泰西里社区24号楼三单元403', 'receiver': '李张辽 156****7368', 'total_price': '3466.42', 'items': []}
2020-11-11 18:05:26,690 INFO: 第[1/3]次尝试提交订单
2020-11-11 18:05:26,723 INFO: 本次提交订单耗时[536]毫秒
2020-11-11 18:05:26,724 INFO: 订单提交失败, 错误码：0, 返回信息：您多次提交过快，请稍后再试(下单商品可能为第三方商品，将切换为普通发票进行尝试)
2020-11-11 18:05:26,724 INFO: {'orderXml': None, 'cartXml': None, 'noStockSkuIds': '', 'reqInfo': None, 'hasJxj': False, 'addedServiceList': None, 'overSea': False, 'sign': None, 'international': False, 'pin': 'lzl1346162166', 'overseaMerge': False, 'needCheckCode': False, 'success': False, 'resultCode': 0, 'orderId': 0, 'submitSkuNum': 0, 'deductMoneyFlag': 0, 'goJumpOrderCenter': False, 'payInfo': None, 'scaleSkuInfoListVO': None, 'purchaseSkuInfoListVO': None, 'noSupportHomeServiceSkuList': None, 'msgMobile': None, 'orderType': 0, 'addressVO': None, 'msgUuid': None, 'message': '您多次提交过快，请稍后再试'}
2020-11-11 18:05:27,174 INFO: 第5次 
2020-11-11 18:05:27,222 INFO: 检测[1]个口罩有货，[0]个口罩无货，[0]个口罩下柜，耗时[48]ms
2020-11-11 18:05:27,222 INFO: [10021604144688]类型口罩有货啦!马上下单
2020-11-11 18:05:27,735 INFO: 下单信息：{'address': '北京 海淀区 五环到六环之间   永泰西里社区24号楼三单元403', 'receiver': '李张辽 156****7368', 'total_price': '3466.42', 'items': []}
2020-11-11 18:05:27,735 INFO: 第[1/3]次尝试提交订单
2020-11-11 18:05:27,774 INFO: 本次提交订单耗时[552]毫秒
2020-11-11 18:05:27,774 INFO: 订单提交失败, 错误码：0, 返回信息：您多次提交过快，请稍后再试(下单商品可能为第三方商品，将切换为普通发票进行尝试)
2020-11-11 18:05:27,774 INFO: {'overSea': False, 'cartXml': None, 'noStockSkuIds': '', 'reqInfo': None, 'hasJxj': False, 'addedServiceList': None, 'orderXml': None, 'sign': None, 'international': False, 'pin': 'lzl1346162166', 'overseaMerge': False, 'needCheckCode': False, 'success': False, 'addressVO': None, 'resultCode': 0, 'orderId': 0, 'submitSkuNum': 0, 'deductMoneyFlag': 0, 'goJumpOrderCenter': False, 'payInfo': None, 'scaleSkuInfoListVO': None, 'purchaseSkuInfoListVO': None, 'noSupportHomeServiceSkuList': None, 'msgMobile': None, 'orderType': 0, 'msgUuid': None, 'message': '您多次提交过快，请稍后再试'}
2020-11-11 18:05:28,375 INFO: 第6次 
2020-11-11 18:05:28,426 INFO: 检测[1]个口罩有货，[0]个口罩无货，[0]个口罩下柜，耗时[50]ms
2020-11-11 18:05:28,427 INFO: [10021604144688]类型口罩有货啦!马上下单
2020-11-11 18:05:28,927 INFO: 下单信息：{'address': '北京 海淀区 五环到六环之间   永泰西里社区24号楼三单元403', 'receiver': '李张辽 156****7368', 'total_price': '3466.42', 'items': []}
2020-11-11 18:05:28,927 INFO: 第[1/3]次尝试提交订单
2020-11-11 18:05:29,035 INFO: 本次提交订单耗时[608]毫秒
2020-11-11 18:05:29,035 INFO: 订单提交失败, 错误码：60123, 返回信息：请输入支付密码(需要在payment_pwd参数配置支付密码)
2020-11-11 18:05:29,035 INFO: {'hasJxj': False, 'addedServiceList': [], 'noStockSkuIds': '', 'reqInfo': None, 'orderXml': None, 'overSea': False, 'cartXml': None, 'sign': None, 'international': False, 'pin': 'lzl1346162166', 'overseaMerge': False, 'needCheckCode': False, 'success': False, 'addressVO': {'overseas': 0, 'pin': None, 'areaName': '北京 海淀区 五环到六环之间 ', 'provinceId': 1, 'cityId': 2800, 'countyId': 2851, 'townId': 0, 'mobile': '15600277368', 'paymentId': 0, 'selected': True, 'addressDetail': '永泰西里社区24号楼三单元403', 'idCard': '', 'phone': '', 'email': '', 'selfPickMobile': None, 'selfPickPhone': None, 'selectedAddressType': 0, 'addressType': 0, 'provinceName': '北京', 'cityName': '海淀区', 'countyName': '五环到六环之间', 'townName': '', 'addressName': '李张辽', 'areaCode': '', 'nameCode': None, 'postCode': '', 'giftSenderConsigneeName': None, 'giftSenderConsigneeMobile': None, 'gcLat': 40.03307, 'gcLng': 116.356438, 'longitude': 116.356438, 'latitude': 40.03307, 'selfPickOptimize': 0, 'consigneeId': 0, 'shipmentType': 0, 'canSelected': False, 'pickId': 0, 'pickName': None, 'mapUrl': None, 'siteType': 0, 'used': False, 'helpMessage': None, 'cabinetAvailable': True, 'limitKeyword': 0, 'specialRemark': None, 'isCod': 0, 'oldAddress': False, 'mapping': False, 'gcReliability': 0, 'gcReliabilitySource': 0, 'fullAddress': '北京海淀区五环到六环之间永泰西里社区24号楼三单元403', 'freePay': False, 'addressDefault': True, 'selfPickAddressShuntFlag': 0, 'pickVOselected': False, 'branchId': 0, 'tipInfo': None, 'siteProvinceId': 0, 'siteCityId': 0, 'siteCountyId': 0, 'siteTownId': 0, 'skuSupported': False, 'addressSupported': 0, 'consigneeName': None, 'pickVOname': None, 'retTag': 2, 'tagSource': 1, 'userDefinedTag': None, 'newProvinceId': 0, 'newCityId': 0, 'newCountyId': 0, 'newTownId': 0, 'newProvinceName': None, 'newCityName': None, 'newCountyName': None, 'newTownName': None, 'checkLevel': 0, 'optimizePickID': 0, 'pickType': 0, 'dataSign': 0, 'appSelfPickAddress': 0, 'associatePickId': 0, 'associateAddressId': 0, 'appId': None, 'encryptText': None, 'certNum': None, 'addressDefaultCancel': None, 'updateTime': '2020-11-06 22:46:30', 'lastOrderAddress': False, 'sendMq': 0, 'addressMapperInfoVO': None, 'coordType': 2, 'operateTime': None, 'showChangeJingAddressFlag': None, 'recordMark': None, 'address': None, 'name': '李张辽', 'message': None, 'id': 1818421706, 'readOnly': False, 'uuid': None, 'relationMap': None}, 'resultCode': 60123, 'orderId': 0, 'submitSkuNum': 0, 'deductMoneyFlag': 0, 'goJumpOrderCenter': False, 'payInfo': None, 'scaleSkuInfoListVO': None, 'purchaseSkuInfoListVO': None, 'noSupportHomeServiceSkuList': None, 'msgMobile': None, 'orderType': 0, 'msgUuid': None, 'message': '请输入支付密码'}
2020-11-11 18:07:47,939 INFO: 当前是V3版本
2020-11-11 18:07:49,913 INFO: 登录成功
2020-11-11 18:07:49,985 INFO: 登录账号名称jdlzl_bs
2020-11-11 18:07:50,153 INFO: 清空购物车
2020-11-11 18:07:50,605 INFO: 100008187454  已成功加入购物车
2020-11-11 18:07:50,605 INFO: 第1次 
2020-11-11 18:07:50,708 INFO: 检测[1]个口罩有货，[0]个口罩无货，[0]个口罩下柜，耗时[103]ms
2020-11-11 18:07:50,709 INFO: [100008187454]类型口罩有货啦!马上下单
2020-11-11 18:07:51,560 INFO: 下单信息：{'address': '北京 海淀区 五环到六环之间   永泰西里社区24号楼三单元403', 'receiver': '李张辽 156****7368', 'total_price': '376.52', 'items': []}
2020-11-11 18:07:51,561 INFO: 第[1/3]次尝试提交订单
2020-11-11 18:07:51,702 INFO: 本次提交订单耗时[993]毫秒
2020-11-11 18:07:51,703 INFO: 订单提交失败, 错误码：60123, 返回信息：请输入支付密码(需要在payment_pwd参数配置支付密码)
2020-11-11 18:07:51,703 INFO: {'overSea': False, 'orderXml': None, 'cartXml': None, 'noStockSkuIds': '', 'reqInfo': None, 'hasJxj': False, 'addedServiceList': [], 'sign': None, 'international': False, 'pin': 'lzl1346162166', 'overseaMerge': False, 'needCheckCode': False, 'success': False, 'addressVO': {'overseas': 0, 'oldAddress': False, 'mapping': False, 'pin': None, 'operateTime': None, 'areaName': '北京 海淀区 五环到六环之间 ', 'provinceId': 1, 'cityId': 2800, 'countyId': 2851, 'townId': 0, 'mobile': '15600277368', 'paymentId': 0, 'selected': True, 'addressDetail': '永泰西里社区24号楼三单元403', 'idCard': '', 'phone': '', 'email': '', 'selfPickMobile': None, 'selfPickPhone': None, 'selectedAddressType': 0, 'addressType': 0, 'provinceName': '北京', 'cityName': '海淀区', 'countyName': '五环到六环之间', 'townName': '', 'addressName': '李张辽', 'areaCode': '', 'nameCode': None, 'postCode': '', 'giftSenderConsigneeName': None, 'giftSenderConsigneeMobile': None, 'gcLat': 40.03307, 'gcLng': 116.356438, 'longitude': 116.356438, 'latitude': 40.03307, 'selfPickOptimize': 0, 'consigneeId': 0, 'shipmentType': 0, 'canSelected': False, 'pickId': 0, 'pickName': None, 'mapUrl': None, 'siteType': 0, 'used': False, 'helpMessage': None, 'cabinetAvailable': True, 'limitKeyword': 0, 'specialRemark': None, 'isCod': 0, 'gcReliability': 0, 'gcReliabilitySource': 0, 'fullAddress': '北京海淀区五环到六环之间永泰西里社区24号楼三单元403', 'freePay': False, 'addressDefault': True, 'selfPickAddressShuntFlag': 0, 'pickVOselected': False, 'branchId': 0, 'tipInfo': None, 'siteProvinceId': 0, 'siteCityId': 0, 'siteCountyId': 0, 'siteTownId': 0, 'skuSupported': False, 'addressSupported': 0, 'consigneeName': None, 'pickVOname': None, 'retTag': 2, 'tagSource': 1, 'userDefinedTag': None, 'newProvinceId': 0, 'newCityId': 0, 'newCountyId': 0, 'newTownId': 0, 'newProvinceName': None, 'newCityName': None, 'newCountyName': None, 'newTownName': None, 'checkLevel': 0, 'optimizePickID': 0, 'pickType': 0, 'dataSign': 0, 'appSelfPickAddress': 0, 'associatePickId': 0, 'associateAddressId': 0, 'appId': None, 'encryptText': None, 'certNum': None, 'addressDefaultCancel': None, 'updateTime': '2020-11-06 22:46:30', 'lastOrderAddress': False, 'sendMq': 0, 'addressMapperInfoVO': None, 'coordType': 2, 'showChangeJingAddressFlag': None, 'recordMark': None, 'address': None, 'name': '李张辽', 'message': None, 'id': 1818421706, 'readOnly': False, 'uuid': None, 'relationMap': None}, 'resultCode': 60123, 'orderId': 0, 'submitSkuNum': 0, 'deductMoneyFlag': 0, 'goJumpOrderCenter': False, 'payInfo': None, 'scaleSkuInfoListVO': None, 'purchaseSkuInfoListVO': None, 'noSupportHomeServiceSkuList': None, 'msgMobile': None, 'orderType': 0, 'msgUuid': None, 'message': '请输入支付密码'}
2020-11-11 18:07:52,857 INFO: 第2次 
2020-11-11 18:07:52,915 INFO: 检测[1]个口罩有货，[0]个口罩无货，[0]个口罩下柜，耗时[58]ms
2020-11-11 18:07:52,916 INFO: [100008187454]类型口罩有货啦!马上下单
2020-11-11 18:07:53,438 INFO: 下单信息：{'address': '北京 海淀区 五环到六环之间   永泰西里社区24号楼三单元403', 'receiver': '李张辽 156****7368', 'total_price': '376.52', 'items': []}
2020-11-11 18:07:53,438 INFO: 第[1/3]次尝试提交订单
2020-11-11 18:07:53,705 INFO: 本次提交订单耗时[789]毫秒
2020-11-11 18:07:53,705 INFO: 订单提交失败, 错误码：0, 返回信息：您多次提交过快，请稍后再试(下单商品可能为第三方商品，将切换为普通发票进行尝试)
2020-11-11 18:07:53,705 INFO: {'noStockSkuIds': '', 'reqInfo': None, 'hasJxj': False, 'addedServiceList': None, 'cartXml': None, 'orderXml': None, 'overSea': False, 'sign': None, 'international': False, 'pin': 'lzl1346162166', 'overseaMerge': False, 'needCheckCode': False, 'success': False, 'addressVO': None, 'resultCode': 0, 'orderId': 0, 'submitSkuNum': 0, 'deductMoneyFlag': 0, 'goJumpOrderCenter': False, 'payInfo': None, 'scaleSkuInfoListVO': None, 'purchaseSkuInfoListVO': None, 'noSupportHomeServiceSkuList': None, 'msgMobile': None, 'orderType': 0, 'msgUuid': None, 'message': '您多次提交过快，请稍后再试'}
2020-11-11 18:07:54,263 INFO: 第3次 
2020-11-11 18:07:54,311 INFO: 检测[1]个口罩有货，[0]个口罩无货，[0]个口罩下柜，耗时[48]ms
2020-11-11 18:07:54,311 INFO: [100008187454]类型口罩有货啦!马上下单
2020-11-11 18:07:55,196 INFO: 下单信息：{'address': '北京 海淀区 五环到六环之间   永泰西里社区24号楼三单元403', 'receiver': '李张辽 156****7368', 'total_price': '376.52', 'items': []}
2020-11-11 18:07:55,197 INFO: 第[1/3]次尝试提交订单
2020-11-11 18:07:55,230 INFO: 本次提交订单耗时[919]毫秒
2020-11-11 18:07:55,230 INFO: 订单提交失败, 错误码：0, 返回信息：您多次提交过快，请稍后再试(下单商品可能为第三方商品，将切换为普通发票进行尝试)
2020-11-11 18:07:55,230 INFO: {'overSea': False, 'orderXml': None, 'cartXml': None, 'noStockSkuIds': '', 'reqInfo': None, 'hasJxj': False, 'addedServiceList': None, 'sign': None, 'international': False, 'pin': 'lzl1346162166', 'needCheckCode': False, 'success': False, 'overseaMerge': False, 'addressVO': None, 'resultCode': 0, 'orderId': 0, 'submitSkuNum': 0, 'deductMoneyFlag': 0, 'goJumpOrderCenter': False, 'payInfo': None, 'scaleSkuInfoListVO': None, 'purchaseSkuInfoListVO': None, 'noSupportHomeServiceSkuList': None, 'msgMobile': None, 'orderType': 0, 'msgUuid': None, 'message': '您多次提交过快，请稍后再试'}
2020-11-11 18:24:35,892 INFO: 当前是V3版本
2020-11-11 18:24:36,102 INFO: 登录成功
2020-11-11 18:24:36,217 INFO: 登录账号名称jdlzl_bs
2020-11-11 18:24:36,424 INFO: 清空购物车
2020-11-11 18:24:36,607 INFO: 100016135654  已成功加入购物车
2020-11-11 18:24:36,607 INFO: 第1次 
2020-11-11 18:24:36,705 INFO: 检测[1]个口罩有货，[0]个口罩无货，[0]个口罩下柜，耗时[98]ms
2020-11-11 18:24:36,705 INFO: [100016135654]类型口罩有货啦!马上下单
2020-11-11 18:24:39,834 INFO: 第2次 
2020-11-11 18:24:39,880 INFO: 检测[1]个口罩有货，[0]个口罩无货，[0]个口罩下柜，耗时[45]ms
2020-11-11 18:24:39,880 INFO: [100016135654]类型口罩有货啦!马上下单
